[Thursday/March 09/03/2023 21:37:26] /mnt/01D4068790C88900/69/【女性が歌う】幸せ   back number(Covered by コバソロ & 藤川千愛).mkv | length=413.273 | time=156.625
[Thursday/March 09/03/2023 21:38:36] /mnt/01D4068790C88900/69/【女性が歌う】幸せ   back number(Covered by コバソロ & 藤川千愛).mkv | length=413.273 | time=196
[Thursday/March 09/03/2023 21:38:38] /mnt/01D4068790C88900/69/로켓펀치(Rocket Punch) 'JUICY' MV-CEE7It_C85k.webm | length=210.021 | time=1.96
[Thursday/March 09/03/2023 21:38:41] /mnt/01D4068790C88900/69/르세라핌 [LE SSERAFIM] - FEARLESS (choreography)｜HUP! [6K0VmqVMKpc].webm | length=177.241 | time=2.753
[Thursday/March 09/03/2023 21:38:42] /mnt/01D4068790C88900/69/시크릿(SECRET) - I'm In Love 안무영상(Dance Practice)-t_sE1A8jEKE.webm | length=207.701 | time=3.4
[Thursday/March 09/03/2023 21:39:03] /mnt/01D4068790C88900/69/첫사랑(CSR) '첫사랑 (Pop？ Pop!)' Performance Video [Z2_UuNrfZJs].webm | length=225.661 | time=20.27
[Thursday/March 09/03/2023 22:07:01] /mnt/01D4068790C88900/69/[입덕직캠] 오마이걸 유아 직캠 ‘다섯 번째 계절(SSFWL)’ (OH MY GIRL YOOA FanCam), MCOUNTDOWN_2019.5.9-YjJGkPQsDSQ.webm | length=245.401 | time=5.372
[Thursday/March 09/03/2023 22:09:09] /mnt/01D4068790C88900/69/[입덕직캠] 오마이걸 유아 직캠 ‘다섯 번째 계절(SSFWL)’ (OH MY GIRL YOOA FanCam), MCOUNTDOWN_2019.5.9-YjJGkPQsDSQ.webm | length=245.401 | time=91.024
[Thursday/March 09/03/2023 22:11:09] /mnt/01D4068790C88900/69/SEVENTEEN (세븐틴) 'My My' Official MV-PQOJJ037ys8.webm | length=185.261 | time=27.785
[Thursday/March 09/03/2023 22:13:15] /mnt/01D4068790C88900/69/STAYC(스테이씨) 'SO BAD' MV-gMe1c4UegBY.webm | length=214.281 | time=4.963
[Thursday/March 09/03/2023 22:13:43] /mnt/01D4068790C88900/69/Tones and I - DANCE MONKEY _ cover by MANDA-qG9Fg-1bLGs.webm | length=220.801 | time=14.8
[Thursday/March 09/03/2023 22:17:59] /mnt/01D4068790C88900/69/Tones and I - DANCE MONKEY _ cover by MANDA-qG9Fg-1bLGs.webm | length=220.801 | time=29.88
[Thursday/March 09/03/2023 22:18:18] /mnt/01D4068790C88900/69/Tones and I - DANCE MONKEY _ cover by MANDA-qG9Fg-1bLGs.webm | length=220.801 | time=31.44
[Thursday/March 09/03/2023 22:19:15] /mnt/01D4068790C88900/69/TWICE 'Feel Special' M_V-3ymwOvzhwHs.webm | length=220.461 | time=56.481
[Thursday/March 09/03/2023 22:23:11] /mnt/01D4068790C88900/69/TWICE 'Feel Special' M_V-3ymwOvzhwHs.webm | length=220.461 | time=93.017
[Thursday/March 09/03/2023 22:28:07] /mnt/01D406883F6CC980/Assignment/UPB/Adam And Mishmish/Adam Wa Mishmish - Arabic Language Day (Kids Songs) _ آدم ومشمش - يوم اللغة العربية  (S08E01) [OzdGIHkhkTE].webm | length=189.941 | time=66.087
[Thursday/March 09/03/2023 22:56:58] /mnt/01D406883F6CC980/Assignment/UPB/Adam And Mishmish/Adam Wa Mishmish - Arabic Language Day (Kids Songs) _ آدم ومشمش - يوم اللغة العربية  (S08E01) [OzdGIHkhkTE].webm | length=189.941 | time=74.807
[Thursday/March 09/03/2023 22:57:02] /mnt/01D406883F6CC980/Assignment/UPB/Adam And Mishmish/Adam Wa Mishmish - Colors 2 (Kids Songs) _ (أغاني أطفال) آدم ومشمش -  هذه الألوان ٢ (S07E06) [dayOskI9aZ0].webm | length=217.601 | time=1.367
[Thursday/March 09/03/2023 22:57:33] /mnt/01D406883F6CC980/Assignment/UPB/Adam And Mishmish/Adam Wa Mishmish - Baby Submarine  (Kids Songs) _ آدم ومشمش - الغواصة والتنقل عبر الماء (S10E06) [rpuf7SFFSn4].webm | length=147.021 | time=31.295
[Thursday/March 09/03/2023 23:05:34] /mnt/01D406883F6CC980/Assignment/UPB/Adam And Mishmish/Adam Wa Mishmish - Baby Submarine  (Kids Songs) _ آدم ومشمش - الغواصة والتنقل عبر الماء (S10E06) [rpuf7SFFSn4].webm | length=147.021 | time=60.344
[Thursday/March 09/03/2023 23:09:42] /mnt/01D406883F6CC980/Assignment/UPB/Adam And Mishmish/Adam Wa Mishmish - Baby Submarine  (Kids Songs) _ آدم ومشمش - الغواصة والتنقل عبر الماء (S10E06) [rpuf7SFFSn4].webm | length=147.021 | time=73.191
[Thursday/March 09/03/2023 23:10:08] /mnt/01D406883F6CC980/Assignment/UPB/Adam And Mishmish/Adam Wa Mishmish - Colors in Arabic (Kids Songs) _ (أغاني للأطفال) آدم ومشمش - الألوان (S01E08) [mzVWiRT4GD0].webm | length=85.221 | time=85.221
[Thursday/March 09/03/2023 23:32:25] /mnt/01D406883F6CC980/Assignment/UPB/Adam And Mishmish/الأشهر مع آدم ومشمش The Months in Arabic with Adam and Mishmish (S04E05).mp4 | length=131.727 | time=103.39998888889
[Thursday/March 09/03/2023 23:33:27] /mnt/01D4068790C88900/69/SEVENTEEN (세븐틴) 'HOME;RUN' Official MV-UB4FzllQCyc.webm | length=214.741 | time=214.72100000003
[Thursday/March 09/03/2023 23:37:03] /mnt/01D4068790C88900/69/【女性が歌う】幸せ   back number(Covered by コバソロ & 藤川千愛).mkv | length=413.273 | time=268.125
[Thursday/March 09/03/2023 23:37:21] /mnt/01D4068790C88900/69/로켓펀치(Rocket Punch) 'JUICY' MV-CEE7It_C85k.webm | length=210.021 | time=18.06
[Thursday/March 09/03/2023 23:37:58] /mnt/01D4068790C88900/69/르세라핌 [LE SSERAFIM] - FEARLESS (choreography)｜HUP! [6K0VmqVMKpc].webm | length=177.241 | time=37.078
[Thursday/March 09/03/2023 23:40:27] /mnt/01D4068790C88900/69/【あの花】青い栞   Galileo Galilei(Covered by コバソロ & こぴ).mkv | length=349.59 | time=148.375
[Thursday/March 09/03/2023 23:41:06] /mnt/01D4068790C88900/69/【あの花】青い栞   Galileo Galilei(Covered by コバソロ & こぴ).mkv | length=349.59 | time=188
[Thursday/March 09/03/2023 23:52:04] /mnt/01D406883F6CC980/Assignment/UPB/Adam And Mishmish/أيام الأسبوع مع آدم ومشمش Days of the Week with Adam Wa Mishmish (S02E07) (2018)-rPT4TSdeOv0.webm | length=113.581 | time=77.007
[Thursday/March 09/03/2023 23:52:08] /mnt/01D406883F6CC980/Assignment/UPB/Adam And Mishmish/أصوات الحيوانات مع آدم ومشمش Animal Sounds in Arabic with Adam Wa Mishmish (S01E07).mp4 | length=181.627 | time=2.9199888888889
[Thursday/March 09/03/2023 23:53:15] /mnt/01D4068790C88900/69/【あの花】青い栞   Galileo Galilei(Covered by コバソロ & こぴ).mkv | length=349.59 | time=200.833
[Thursday/March 09/03/2023 23:59:01] /mnt/01D4068790C88900/69/SEVENTEEN (세븐틴) 'HOME;RUN' Official MV-UB4FzllQCyc.webm | length=214.741 | time=164.421
[Thursday/March 09/03/2023 23:59:08] /mnt/01D4068790C88900/69/SEVENTEEN (세븐틴) 'HOME;RUN' Official MV-UB4FzllQCyc.webm | length=214.741 | time=165.297
[Thursday/March 09/03/2023 23:59:11] /mnt/01D4068790C88900/69/secret base 〜君がくれたもの〜   ZONE (Covered by コバソロ & えみい(テーマパークガール)).mp4 | length=364.089 | time=1.8749888888889
[Thursday/March 09/03/2023 23:59:11] /mnt/01D4068790C88900/69/Red Velvet 레드벨벳 '음파음파 (Umpah Umpah)' MV-vHS9E6JFja8.webm | length=225.781 | time=0.633
[Thursday/March 09/03/2023 23:59:12] /mnt/01D4068790C88900/69/Red Velvet 레드벨벳 'Psycho' MV-uR8Mrt1IpXg.webm | length=215.541 | time=0.841
[Friday/March 10/03/2023 07:48:34] /mnt/01D406883F6CC980/Assignment/UPB/Adam And Mishmish/أيام الأسبوع مع آدم ومشمش Days of the Week with Adam Wa Mishmish (S02E07) (2018)-rPT4TSdeOv0.webm | length=113.581 | time=29.34
[Friday/March 10/03/2023 07:48:46] /mnt/01D406883F6CC980/Assignment/UPB/Adam And Mishmish/#سراج - أغنية الحروف الأبجدية.mp4 | length=103.306 | time=0
[Friday/March 10/03/2023 08:08:38] /mnt/01D406883F6CC980/Assignment/UPB/Adam And Mishmish/الآلات الموسيقية مع آدم ومشمش Musical Instruments with Adam Wa Mishmish (S01E02).mp4 | length=169.692 | time=169.69142857145
[Friday/March 10/03/2023 08:19:23] /mnt/01D406883F6CC980/Assignment/UPB/Adam And Mishmish/Adam Wa Mishmish - Arabic Language Day (Kids Songs) _ آدم ومشمش - يوم اللغة العربية  (S08E01) [OzdGIHkhkTE].webm | length=189.941 | time=145.607
[Friday/March 10/03/2023 08:22:13] /mnt/01D406883F6CC980/Assignment/UPB/Adam And Mishmish/العد من ١ إلى ١٠ مع آدم ومشمش Learning To Count with Adam Wa Mishmish (S06302-eZmQ-SnSD8Y.mkv | length=177.021 | time=171.32
[Friday/March 10/03/2023 09:36:56] /mnt/01D406883F6CC980/Assignment/UPB/Adam And Mishmish/العد من ١ إلى ١٠ مع آدم ومشمش Learning To Count with Adam Wa Mishmish (S06302-eZmQ-SnSD8Y.mkv | length=177.021 | time=176.99975
[Friday/March 10/03/2023 22:32:41] /mnt/01D4068790C88900/69/KISAH SANG ROSUL (FITRIANA , SYAHLA & WANGI INDAH) Cover-A44MCUI45B8.webm | length=364.181 | time=364.17118749996
[Saturday/March 11/03/2023 20:48:14] /mnt/01D4068790C88900/69/KISAH SANG ROSUL (FITRIANA , SYAHLA & WANGI INDAH) Cover-A44MCUI45B8.webm | length=364.181 | time=354.6
[Saturday/March 11/03/2023 20:48:18] /mnt/01D4068790C88900/69/IZ_ONE (아이즈원) - 비올레타 (Violeta) MV-6eEZ7DJMzuk.mkv | length=204.641 | time=4.254
[Saturday/March 11/03/2023 20:48:21] /mnt/01D4068790C88900/69/KISAH SANG ROSUL (FITRIANA , SYAHLA & WANGI INDAH) Cover-A44MCUI45B8.webm | length=364.181 | time=2.56
[Saturday/March 11/03/2023 20:48:23] /mnt/01D4068790C88900/69/IZ_ONE (아이즈원) - 비올레타 (Violeta) MV-6eEZ7DJMzuk.mkv | length=204.641 | time=2.169
[Sunday/March 12/03/2023 08:04:40] /mnt/01D4068790C88900/69/IZ_ONE (아이즈원) - 비올레타 (Violeta) MV-6eEZ7DJMzuk.mkv | length=204.641 | time=10.594
[Sunday/March 12/03/2023 08:04:48] /mnt/01D4068790C88900/69/simplescreenrecorder-2019-07-21_12.12.52.mkv | length=97.459 | time=7.701
[Sunday/March 12/03/2023 08:04:54] /mnt/01D4068790C88900/69/[MV] 프로미스나인 (fromis_9) - LOVE BOMB--SK6cvkK4c0.webm | length=202.101 | time=5.923
[Sunday/March 12/03/2023 08:24:02] /mnt/01D4068790C88900/69/[4K] 180708 모모랜드 MOMOLAND 배앰 BAAM 낸시 NANCY @ MV 조회수 2500만 달성 게릴라 By Sleeppage-APyC14u8hLU.webm | length=332.421 | time=332.39468749999
[Sunday/March 12/03/2023 08:27:31] /mnt/01D4068790C88900/69/【Rainych】 BRAVE SHINE   Aimer 『 Fate_Stay Night OP 2 』 (live cover)-mxosv1KYDas.webm | length=253.981 | time=229.4
[Sunday/March 12/03/2023 08:30:25] /mnt/01D4068790C88900/69/【Rainych】 BRAVE SHINE   Aimer 『 Fate_Stay Night OP 2 』 (live cover)-mxosv1KYDas.webm | length=253.981 | time=253.96927083335
[Sunday/March 12/03/2023 08:38:07] /mnt/01D4068790C88900/69/(여자)아이들((G)I-DLE) - '한(一)(HANN(Alone))' Official Music Video-OKNXn2qCEws.mkv | length=224.081 | time=224.06195833333
[Sunday/March 12/03/2023 08:39:36] /mnt/01D4068790C88900/69/(최초공개) [MPD직캠] 세븐틴 직캠 4K '숨이 차(Getting Closer)' (SEVENTEEN FanCam)   @2018MAMA_2018.12.14.mkv | length=197.426 | time=13.847
[Sunday/March 12/03/2023 08:39:47] /mnt/01D4068790C88900/69/(최초공개) [MPD직캠] 세븐틴 직캠 4K '숨이 차(Getting Closer)' (SEVENTEEN FanCam)   @2018MAMA_2018.12.14.mkv | length=197.426 | time=197.42667800454
[Sunday/March 12/03/2023 08:39:54] /mnt/01D4068790C88900/69/170914 여자친구 (GFRIEND) - 여름비 (SUMMER RAIN) (은하) 직캠 by 수원촌놈 [엠카 미니팬미팅]-G_-SNiuZrJA.webm | length=200.041 | time=7.174
[Sunday/March 12/03/2023 18:18:08] /mnt/01D406883F6CC980/Assignment/UPB/Adam And Mishmish/أصابع اليد مع آدم ومشمش Finger Family with Adam Wa Mishmish (S05E03)-wq4VJ_B4Z0A.webm | length=140.341 | time=140.287
[Sunday/March 12/03/2023 18:19:18] /mnt/01D406883F6CC980/Assignment/UPB/Adam And Mishmish/أصوات الحيوانات مع آدم ومشمش Animal Sounds in Arabic with Adam Wa Mishmish (S01E07).mp4 | length=181.627 | time=69.039988888889
[Sunday/March 12/03/2023 18:21:08] /mnt/01D406883F6CC980/Assignment/UPB/Adam And Mishmish/الأحرف_الأبجدية_مع_آدم_ومشمش_The.mp4 | length=113.082 | time=109.2
[Monday/March 13/03/2023 17:50:48] /mnt/01D4068790C88900/69/170914 여자친구 (GFRIEND) - 여름비 (SUMMER RAIN) (은하) 직캠 by 수원촌놈 [엠카 미니팬미팅]-G_-SNiuZrJA.webm | length=200.041 | time=84.351
[Monday/March 13/03/2023 17:54:18] /mnt/01D4068790C88900/69/EVERGLOW (에버글로우) - DUN DUN MV-NoYKBAajoyo.webm | length=208.781 | time=208.75979694816
[Monday/March 13/03/2023 17:56:13] /mnt/01D4068790C88900/69/EVERGLOW (에버글로우) - 봉봉쇼콜라 (Bon Bon Chocolat) MV-HvGql8HwOIM.webm | length=228.441 | time=114.448
[Monday/March 13/03/2023 17:59:35] /mnt/01D4068790C88900/69/fromis_9 (프로미스나인) 'DM' Official MV [4gXmClk8rKI].webm | length=206.561 | time=201.834
[Monday/March 13/03/2023 17:59:39] /mnt/01D4068790C88900/69/fromis_9 (프로미스나인) 'DM' Performance Video - 1TyYpFW8X9U.mkv | length=211.741 | time=3.629
[Monday/March 13/03/2023 17:59:41] /mnt/01D4068790C88900/69/GONTOR SIX MUSIC - 90 LANGKAH (COVER)-QemBJ03FezY.webm | length=314.621 | time=2.107
[Monday/March 13/03/2023 17:59:43] /mnt/01D4068790C88900/69/ITZY 'WANNABE' M_V-fE2h3lGlOsk.webm | length=218.921 | time=1.8
[Monday/March 13/03/2023 23:06:18] /mnt/01D4068790C88900/69/IZ ONE (아이즈원) - 라비앙로즈 (La Vie en Rose) MV.mp4 | length=219.98585034014 | time=82.373916666667
[Wednesday/March 15/03/2023 19:33:45] /mnt/01D406883F6CC980/Assignment/UPB/Adam And Mishmish/الإتجاهات مع آدم ومشمش_ أين مشمش؟ Where is Mishmish _Directions with Adam and Mishmish (S03E03)-3yKKpH7tOrU.webm | length=102.221 | time=87.287
[Friday/March 17/03/2023 07:59:33] /mnt/01D406883F6CC980/Assignment/UPB/Adam And Mishmish/الإتجاهات مع آدم ومشمش_ أين مشمش؟ Where is Mishmish _Directions with Adam and Mishmish (S03E03)-3yKKpH7tOrU.webm | length=102.221 | time=102.20364583333
[Friday/March 17/03/2023 07:59:41] /mnt/01D406883F6CC980/Assignment/UPB/Adam And Mishmish/الحواس الخمس مع آدم ومشمش The Five Senses in Arabic with Adam Wa Mishmish (S02E03).mp4 | length=139.13396825397 | time=7.1599888888889
[Friday/March 17/03/2023 08:02:23] /mnt/01D406883F6CC980/Assignment/UPB/Adam And Mishmish/Adam Wa Mishmish - The Arab Child (Kids Songs) _ آدم ومشمش - الطفل العربي البلاد العربية (S07E02) [r0_T4WVB8Ms].webm | length=190.301 | time=190.301
[Friday/March 17/03/2023 08:02:28] /mnt/01D406883F6CC980/Assignment/UPB/Adam And Mishmish/Arabic Vs Japanese - Which Is Harder [3 Reasons]-N3pmHHIxWxU.webm | length=786.041 | time=1.468
[Friday/March 17/03/2023 08:02:36] /mnt/01D406883F6CC980/Assignment/UPB/Adam And Mishmish/Arabic Vs Japanese - Which Is Harder [3 Reasons]-N3pmHHIxWxU.webm | length=786.041 | time=8.209
[Friday/March 17/03/2023 08:06:27] /mnt/01D406883F6CC980/Assignment/UPB/Adam And Mishmish/Adam Wa Mishmish - The Arab Child (Kids Songs) _ آدم ومشمش - الطفل العربي البلاد العربية (S07E02) [r0_T4WVB8Ms].webm | length=190.301 | time=151.407
[Sunday/April 02/04/2023 11:08:02] "webm&gir=yes&clen=46948737&dur=247.681&lmt=1680125884645169&mt=1680403983&fvip=5&keepalive=yes&fexp=24007246&c=ANDROID&txp=4537434&sparams=expire,ei,ip,id,itag,source,requiressl,vprv,mime,gir,clen,dur,lmt&sig=AOq0QJ8wRQIgDOQZRM5lCJwdsgiQXZJ27Sgx2JnnMXIdHzmNdgMKML4CIQDpXgW8baW7wwmR5Bd6WReckn5WUc42NumeDNJyzpzyYw==&lsparams=mh,mm,mn,ms,mv,mvi,pl,initcwndbps&lsig=AG3C_xAwRgIhAOHPNHoZSPZIQtL4rXcsvI-sCvhl8LnVS7e_0bipCG8NAiEAlliAGv_jC843ra752KZbddL4IcRrkzQFR4tVI5SUubM=" | https://rr8---sn-2uuxa3vh-cqws.googlevideo.com/videoplayback?expire=1680426080&ei=APAoZMiWDZf_4-EP97-tqAw&ip=2001%3A448a%3A60c1%3A1810%3A1fb0%3A24b%3A8c5c%3A27a1&id=o-AIp4_gMxWeWT9mG8TBuAa2cjyJ64zHPo5MELPq58pnbI&itag=248&source=youtube&requiressl=yes&mh=Qc&mm=31%2C29&mn=sn-2uuxa3vh-cqws%2Csn-npoe7nsd&ms=au%2Crdu&mv=m&mvi=8&pl=50&initcwndbps=681250&vprv=1&mime=video%2Fwebm&gir=yes&clen=46948737&dur=247.681&lmt=1680125884645169&mt=1680403983&fvip=5&keepalive=yes&fexp=24007246&c=ANDROID&txp=4537434&sparams=expire%2Cei%2Cip%2Cid%2Citag%2Csource%2Crequiressl%2Cvprv%2Cmime%2Cgir%2Cclen%2Cdur%2Clmt&sig=AOq0QJ8wRQIgDOQZRM5lCJwdsgiQXZJ27Sgx2JnnMXIdHzmNdgMKML4CIQDpXgW8baW7wwmR5Bd6WReckn5WUc42NumeDNJyzpzyYw%3D%3D&lsparams=mh%2Cmm%2Cmn%2Cms%2Cmv%2Cmvi%2Cpl%2Cinitcwndbps&lsig=AG3C_xAwRgIhAOHPNHoZSPZIQtL4rXcsvI-sCvhl8LnVS7e_0bipCG8NAiEAlliAGv_jC843ra752KZbddL4IcRrkzQFR4tVI5SUubM%3D | length=247.681 | time=247.69987500005
[Sunday/April 02/04/2023 11:08:03] "webm&gir=yes&clen=46948737&dur=247.681&lmt=1680125884645169&mt=1680403983&fvip=5&keepalive=yes&fexp=24007246&c=ANDROID&txp=4537434&sparams=expire,ei,ip,id,itag,source,requiressl,vprv,mime,gir,clen,dur,lmt&sig=AOq0QJ8wRQIgDOQZRM5lCJwdsgiQXZJ27Sgx2JnnMXIdHzmNdgMKML4CIQDpXgW8baW7wwmR5Bd6WReckn5WUc42NumeDNJyzpzyYw==&lsparams=mh,mm,mn,ms,mv,mvi,pl,initcwndbps&lsig=AG3C_xAwRgIhAOHPNHoZSPZIQtL4rXcsvI-sCvhl8LnVS7e_0bipCG8NAiEAlliAGv_jC843ra752KZbddL4IcRrkzQFR4tVI5SUubM=" | https://rr8---sn-2uuxa3vh-cqws.googlevideo.com/videoplayback?expire=1680426080&ei=APAoZMiWDZf_4-EP97-tqAw&ip=2001%3A448a%3A60c1%3A1810%3A1fb0%3A24b%3A8c5c%3A27a1&id=o-AIp4_gMxWeWT9mG8TBuAa2cjyJ64zHPo5MELPq58pnbI&itag=248&source=youtube&requiressl=yes&mh=Qc&mm=31%2C29&mn=sn-2uuxa3vh-cqws%2Csn-npoe7nsd&ms=au%2Crdu&mv=m&mvi=8&pl=50&initcwndbps=681250&vprv=1&mime=video%2Fwebm&gir=yes&clen=46948737&dur=247.681&lmt=1680125884645169&mt=1680403983&fvip=5&keepalive=yes&fexp=24007246&c=ANDROID&txp=4537434&sparams=expire%2Cei%2Cip%2Cid%2Citag%2Csource%2Crequiressl%2Cvprv%2Cmime%2Cgir%2Cclen%2Cdur%2Clmt&sig=AOq0QJ8wRQIgDOQZRM5lCJwdsgiQXZJ27Sgx2JnnMXIdHzmNdgMKML4CIQDpXgW8baW7wwmR5Bd6WReckn5WUc42NumeDNJyzpzyYw%3D%3D&lsparams=mh%2Cmm%2Cmn%2Cms%2Cmv%2Cmvi%2Cpl%2Cinitcwndbps&lsig=AG3C_xAwRgIhAOHPNHoZSPZIQtL4rXcsvI-sCvhl8LnVS7e_0bipCG8NAiEAlliAGv_jC843ra752KZbddL4IcRrkzQFR4tVI5SUubM%3D | length=247.681 | time=0
[Sunday/April 02/04/2023 11:08:37] "webm&gir=yes&clen=46948737&dur=247.681&lmt=1680125884645169&mt=1680404461&fvip=5&keepalive=yes&fexp=24007246&c=ANDROID&txp=4537434&sparams=expire,ei,ip,id,itag,source,requiressl,vprv,mime,gir,clen,dur,lmt&sig=AOq0QJ8wRAIgODO6LtT9-BMgATo8LvYlbG3vKA99KXcYWL8Hkbm__UYCIDTynaBIlnnk9UKYKz5Vrjk3KldjX24Co3u3eD2I8TQb&lsparams=mh,mm,mn,ms,mv,mvi,pcm2cms,pl,initcwndbps&lsig=AG3C_xAwRQIgWvstFompFMAc3Kr9HTAdU1VuD-aOyaxNMpyje_LbS-UCIQDq_xe8JRdw1tl0G9qdHFXImd3JXZkTVbzjz9GgdpL-eQ==" | https://rr8---sn-2uuxa3vh-cqws.googlevideo.com/videoplayback?expire=1680426501&ei=pfEoZImgMMqMg8UPls-Z6A8&ip=2001%3A448a%3A60c1%3A1810%3A1fb0%3A24b%3A8c5c%3A27a1&id=o-AEmC7jXaVG1CRBtd0qv56EOW71N8y31CG7xl8ENdopwG&itag=248&source=youtube&requiressl=yes&mh=Qc&mm=31%2C29&mn=sn-2uuxa3vh-cqws%2Csn-npoe7nsd&ms=au%2Crdu&mv=m&mvi=8&pcm2cms=yes&pl=50&initcwndbps=692500&vprv=1&mime=video%2Fwebm&gir=yes&clen=46948737&dur=247.681&lmt=1680125884645169&mt=1680404461&fvip=5&keepalive=yes&fexp=24007246&c=ANDROID&txp=4537434&sparams=expire%2Cei%2Cip%2Cid%2Citag%2Csource%2Crequiressl%2Cvprv%2Cmime%2Cgir%2Cclen%2Cdur%2Clmt&sig=AOq0QJ8wRAIgODO6LtT9-BMgATo8LvYlbG3vKA99KXcYWL8Hkbm__UYCIDTynaBIlnnk9UKYKz5Vrjk3KldjX24Co3u3eD2I8TQb&lsparams=mh%2Cmm%2Cmn%2Cms%2Cmv%2Cmvi%2Cpcm2cms%2Cpl%2Cinitcwndbps&lsig=AG3C_xAwRQIgWvstFompFMAc3Kr9HTAdU1VuD-aOyaxNMpyje_LbS-UCIQDq_xe8JRdw1tl0G9qdHFXImd3JXZkTVbzjz9GgdpL-eQ%3D%3D | length=247.681 | time=14.047
[Sunday/April 02/04/2023 13:00:05] /mnt/01D4068790C88900/Entertainment/ZONAFILM.IN - TL0U.Batch.1080p-BALADFILM.IN/The.Last.of.Us.S01E01 [1080p] [blurayufr.com].mkv | length=4847.301 | time=2.169
[Sunday/April 02/04/2023 13:00:11] /mnt/01D4068790C88900/Entertainment/ZONAFILM.IN - TL0U.Batch.1080p-BALADFILM.IN/The.Last.of.Us.S01E01 [1080p] [blurayufr.com].mkv | length=4847.301 | time=5.422
[Sunday/April 02/04/2023 13:03:20] /mnt/01D4068790C88900/Entertainment/ZONAFILM.IN - TL0U.Batch.1080p-BALADFILM.IN/The.Last.of.Us.S01E01 [1080p] [blurayufr.com].mkv | length=4847.301 | time=3849.971
[Monday/April 03/04/2023 23:59:10] /mnt/01D4068790C88900/Entertainment/[Kusonime] Om Pulang dari Dunia Lain 1080pv2/[Kusonime] Isekai Ojisan - 01 [1080p].mkv | length=1422.208 | time=88.735
[Tuesday/April 04/04/2023 19:06:02] /mnt/01D4068790C88900/Entertainment/[Kusonime] Om Pulang dari Dunia Lain 1080pv2/[Kusonime] Isekai Ojisan - 01 [1080p].mkv | length=1422.208 | time=1422.2080003344
[Tuesday/April 04/04/2023 19:36:30] /mnt/01D4068790C88900/Entertainment/[Kusonime] Om Pulang dari Dunia Lain 1080pv2/[Kusonime] Isekai Ojisan - 02 [1080p].mkv | length=1431.168 | time=1356.793
[Wednesday/April 05/04/2023 23:52:27] /mnt/01D4068790C88900/Entertainment/[Kusonime] Om Pulang dari Dunia Lain 1080pv2/[Kusonime] Isekai Ojisan - 02 [1080p].mkv | length=1431.168 | time=1366.303
[Wednesday/April 05/04/2023 23:52:31] /mnt/01D4068790C88900/Entertainment/[Kusonime] Om Pulang dari Dunia Lain 1080pv2/[Kusonime] Isekai Ojisan - 03 [1080p].mkv | length=1437.184 | time=3.962
[Wednesday/April 05/04/2023 23:52:43] /mnt/01D4068790C88900/Entertainment/[Kusonime] Om Pulang dari Dunia Lain 1080pv2/[Kusonime] Isekai Ojisan - 02 [1080p].mkv | length=1431.168 | time=273.795
[Wednesday/April 05/04/2023 23:53:06] /mnt/01D4068790C88900/Entertainment/[Kusonime] Om Pulang dari Dunia Lain 1080pv2/[Kusonime] Isekai Ojisan - 03 [1080p].mkv | length=1437.184 | time=12.971
[Wednesday/April 05/04/2023 23:53:24] "threesome.m3u8" | http://cdn.adultiptv.net/threesome.m3u8 | length=0.875 | time=15.598
[Thursday/April 06/04/2023 17:24:26] /mnt/01D406883F6CC980/Assignment/UPB/Adam And Mishmish/Adam Wa Mishmish - The Arab Child (Kids Songs) _ آدم ومشمش - الطفل العربي البلاد العربية (S07E02) [r0_T4WVB8Ms].webm | length=190.301 | time=179.607
[Thursday/April 06/04/2023 17:25:51] /mnt/01D406883F6CC980/Assignment/UPB/Adam And Mishmish/أيام الأسبوع مع آدم ومشمش Days of the Week with Adam Wa Mishmish (S02E07) (2018)-rPT4TSdeOv0.webm | length=113.581 | time=106.173
[Thursday/April 06/04/2023 17:27:46] /mnt/01D406883F6CC980/Assignment/UPB/Adam And Mishmish/الأشهر مع آدم ومشمش The Months in Arabic with Adam and Mishmish (S04E05).mp4 | length=131.72680272109 | time=131.72680272108
[Thursday/April 06/04/2023 17:27:57] /mnt/01D406883F6CC980/Assignment/UPB/Adam And Mishmish/الإتجاهات مع آدم ومشمش_ أين مشمش؟ Where is Mishmish _Directions with Adam and Mishmish (S03E03)-3yKKpH7tOrU.webm | length=102.221 | time=11.207
[Thursday/April 06/04/2023 17:29:47] /mnt/01D4068790C88900/69/IZ ONE (아이즈원) - 라비앙로즈 (La Vie en Rose) MV.mp4 | length=219.98585034014 | time=184.43420833333
[Thursday/April 06/04/2023 17:32:51] /mnt/01D4068790C88900/69/[Choreography Video] SEVENTEEN(세븐틴) - 독  - Fear-uQWL0AA_HQo.webm | length=184.621 | time=184.61125000002
[Thursday/April 06/04/2023 17:32:52] /mnt/01D4068790C88900/69/[FullHD] 190819 SEVENTEEN - HIT + MC + Good to Me + 박수 + 아낀다 + 아주 NICE @KCON in L.A.-8GuRzLRT8q8.mkv | length=1706.829 | time=0
